<?xml version="1.0" encoding="UTF-8"?>
<!-- Generated by org.testng.reporters.JUnitXMLReporter -->
<testsuite ignored="0" hostname="Furkan" failures="0" tests="1" name="ChromeTest" time="27.347" errors="0" timestamp="2024-10-08T21:13:51 IST">
  <testcase classname="coverFox_TestClass.TC123_CoverFox_ValidatePolicyCount" name="@BeforeMethod enterDetails" time="8.834">
    <failure type="java.io.IOException" message="Your InputStream was neither an OLE2 stream, nor an OOXML stream or you haven&amp;apos;t provide the poi-ooxml*.jar in the classpath/modulepath - FileMagic: OOXML, having providers: [org.apache.poi.hssf.usermodel.HSSFWorkbookFactory@1922e6d]">
      <![CDATA[java.io.IOException: Your InputStream was neither an OLE2 stream, nor an OOXML stream or you haven't provide the poi-ooxml*.jar in the classpath/modulepath - FileMagic: OOXML, having providers: [org.apache.poi.hssf.usermodel.HSSFWorkbookFactory@1922e6d]
at org.apache.poi.ss.usermodel.WorkbookFactory.wp(WorkbookFactory.java:334)
at org.apache.poi.ss.usermodel.WorkbookFactory.create(WorkbookFactory.java:224)
at org.apache.poi.ss.usermodel.WorkbookFactory.create(WorkbookFactory.java:185)
at coverFox_UtilityClass.Utility.ExcelReading(Utility.java:30)
at coverFox_TestClass.TC123_CoverFox_ValidatePolicyCount.enterDetails(TC123_CoverFox_ValidatePolicyCount.java:85)
at java.base/java.util.ArrayList.forEach(ArrayList.java:1511)
... Removed 31 stack frames]]>
    </failure>
  </testcase> <!-- @BeforeMethod enterDetails -->
  <testcase classname="coverFox_TestClass.TC123_CoverFox_ValidatePolicyCount" name="@AfterClass closeApplication" time="0.0">
    <skipped/>
  </testcase> <!-- @AfterClass closeApplication -->
  <testcase classname="coverFox_TestClass.TC123_CoverFox_ValidatePolicyCount" name="validatePolicyCount" time="0.0">
    <skipped/>
  </testcase> <!-- validatePolicyCount -->
</testsuite> <!-- ChromeTest -->
