<?xml version="1.0" encoding="UTF-8"?>
<!-- Generated by org.testng.reporters.JUnitXMLReporter -->
<testsuite ignored="0" hostname="Furkan" failures="0" tests="2" name="Test" time="39.781" errors="0" timestamp="2024-10-14T11:23:09 IST">
  <testcase classname="coverFox_TestClass.TC123_CoverFox_ValidateErrorMsgsOfPinAndMobile" name="validatePincodeErrorMsg" time="0.797"/>
  <testcase classname="coverFox_TestClass.TC123_CoverFox_ValidateErrorMsgsOfPinAndMobile" name="validateMobileErrorMsg" time="0.675"/>
</testsuite> <!-- Test -->
